0 info it worked if it ends with ok
1 verbose cli [ '/Users/corey/.nvm/versions/node/v5.12.0/bin/node',
1 verbose cli   '/Users/corey/.nvm/versions/node/v5.12.0/bin/npm',
1 verbose cli   'run',
1 verbose cli   'prepush' ]
2 info using npm@3.8.6
3 info using node@v5.12.0
4 verbose run-script [ 'prepush' ]
5 info lifecycle jubilation@0.0.1~prepush: jubilation@0.0.1
6 verbose lifecycle jubilation@0.0.1~prepush: unsafe-perm in lifecycle true
7 verbose lifecycle jubilation@0.0.1~prepush: PATH: /Users/corey/.nvm/versions/node/v5.12.0/lib/node_modules/npm/bin/node-gyp-bin:/Users/corey/Code/jubilation/node_modules/.bin:/Users/corey/.nvm/versions/node/v5.12.0/bin:/Users/corey/.nvm/versions/node/v5.12.0/bin:/Applications/Xcode.app/Contents/Developer/usr/libexec/git-core:/usr/local/bin:/usr/bin:/bin:/usr/sbin:/sbin:/opt/X11/bin:/usr/local/bin:/usr/local
8 verbose lifecycle jubilation@0.0.1~prepush: CWD: /Users/corey/Code/jubilation
9 silly lifecycle jubilation@0.0.1~prepush: Args: [ '-c',
9 silly lifecycle   'npm run lint && npm run flow-check && npm run flow && npm test' ]
10 silly lifecycle jubilation@0.0.1~prepush: Returned: code: 1  signal: null
11 info lifecycle jubilation@0.0.1~prepush: Failed to exec prepush script
12 verbose stack Error: jubilation@0.0.1 prepush: `npm run lint && npm run flow-check && npm run flow && npm test`
12 verbose stack Exit status 1
12 verbose stack     at EventEmitter.<anonymous> (/Users/corey/.nvm/versions/node/v5.12.0/lib/node_modules/npm/lib/utils/lifecycle.js:239:16)
12 verbose stack     at emitTwo (events.js:100:13)
12 verbose stack     at EventEmitter.emit (events.js:185:7)
12 verbose stack     at ChildProcess.<anonymous> (/Users/corey/.nvm/versions/node/v5.12.0/lib/node_modules/npm/lib/utils/spawn.js:24:14)
12 verbose stack     at emitTwo (events.js:100:13)
12 verbose stack     at ChildProcess.emit (events.js:185:7)
12 verbose stack     at maybeClose (internal/child_process.js:850:16)
12 verbose stack     at Process.ChildProcess._handle.onexit (internal/child_process.js:215:5)
13 verbose pkgid jubilation@0.0.1
14 verbose cwd /Users/corey/Code/jubilation
15 error Darwin 16.1.0
16 error argv "/Users/corey/.nvm/versions/node/v5.12.0/bin/node" "/Users/corey/.nvm/versions/node/v5.12.0/bin/npm" "run" "prepush"
17 error node v5.12.0
18 error npm  v3.8.6
19 error code ELIFECYCLE
20 error jubilation@0.0.1 prepush: `npm run lint && npm run flow-check && npm run flow && npm test`
20 error Exit status 1
21 error Failed at the jubilation@0.0.1 prepush script 'npm run lint && npm run flow-check && npm run flow && npm test'.
21 error Make sure you have the latest version of node.js and npm installed.
21 error If you do, this is most likely a problem with the jubilation package,
21 error not with npm itself.
21 error Tell the author that this fails on your system:
21 error     npm run lint && npm run flow-check && npm run flow && npm test
21 error You can get information on how to open an issue for this project with:
21 error     npm bugs jubilation
21 error Or if that isn't available, you can get their info via:
21 error     npm owner ls jubilation
21 error There is likely additional logging output above.
22 verbose exit [ 1, true ]
